<?xml version="1.0" encoding="UTF-8"?>
<!-- Generated by org.testng.reporters.JUnitReportReporter -->
<testsuite hostname="LPTP120" failures="0" tests="1" name="cucumber.TestNGRunner" time="10.461" errors="0" timestamp="2024-10-20T22:48:12 IST" skipped="0">
  <testcase classname="cucumber.TestNGRunner" name="runScenario" time="10.461"/>
  <system-out/>
</testsuite> <!-- cucumber.TestNGRunner -->
